app/build/intermediates/manifest_merge_blame_file/debug/manifest-merger-blame-debug-report.txt
1<?xml version="1.0" encoding="utf-8"?>
2<manifest xmlns:android="http://schemas.android.com/apk/res/android"
3    package="com.safety.woman"
4    android:versionCode="1"
5    android:versionName="1.0" >
6
7    <uses-sdk
8        android:minSdkVersion="24"
8-->src\main\AndroidManifest.xml
9        android:targetSdkVersion="33" />
9-->src\main\AndroidManifest.xml
10
11    <uses-feature
11-->src\main\AndroidManifest.xml:5:5-7:35
12        android:name="android.hardware.sensor.accelerometer"
12-->src\main\AndroidManifest.xml:6:9-61
13        android:required="true" />
13-->src\main\AndroidManifest.xml:7:9-32
14
15    <uses-permission android:name="android.permission.ACCESS_FINE_LOCATION" />
15-->src\main\AndroidManifest.xml:9:5-79
15-->src\main\AndroidManifest.xml:9:22-76
16    <uses-permission android:name="android.permission.ACCESS_COARSE_LOCATION" />
16-->src\main\AndroidManifest.xml:10:5-81
16-->src\main\AndroidManifest.xml:10:22-78
17    <uses-permission android:name="android.permission.FOREGROUND_SERVICE" />
17-->src\main\AndroidManifest.xml:11:5-77
17-->src\main\AndroidManifest.xml:11:22-74
18    <uses-permission android:name="android.permission.SEND_SMS" />
18-->src\main\AndroidManifest.xml:12:5-67
18-->src\main\AndroidManifest.xml:12:22-64
19
20    <!-- Include required permissions for Google Maps API to run. -->
21    <uses-permission android:name="android.permission.ACCESS_NETWORK_STATE" />
21-->[com.google.android.gms:play-services-maps:17.0.1] AndroidManifest.xml:23:5-79
21-->[com.google.android.gms:play-services-maps:17.0.1] AndroidManifest.xml:23:22-76
22    <uses-permission android:name="android.permission.INTERNET" />
22-->[com.google.android.gms:play-services-maps:17.0.1] AndroidManifest.xml:24:5-67
22-->[com.google.android.gms:play-services-maps:17.0.1] AndroidManifest.xml:24:22-64
23
24    <uses-feature
24-->[com.google.android.gms:play-services-maps:17.0.1] AndroidManifest.xml:26:5-28:35
25        android:glEsVersion="0x00020000"
25-->[com.google.android.gms:play-services-maps:17.0.1] AndroidManifest.xml:27:9-41
26        android:required="true" />
26-->[com.google.android.gms:play-services-maps:17.0.1] AndroidManifest.xml:28:9-32
27
28    <queries>
28-->[com.google.android.gms:play-services-maps:17.0.1] AndroidManifest.xml:30:5-34:15
29
30        <!-- Needs to be explicitly declared on Android R+ -->
31        <package android:name="com.google.android.apps.maps" />
31-->[com.google.android.gms:play-services-maps:17.0.1] AndroidManifest.xml:33:9-64
31-->[com.google.android.gms:play-services-maps:17.0.1] AndroidManifest.xml:33:18-61
32    </queries>
33
34    <uses-permission android:name="android.permission.WAKE_LOCK" />
34-->[com.google.android.gms:play-services-measurement-api:21.2.0] AndroidManifest.xml:24:5-68
34-->[com.google.android.gms:play-services-measurement-api:21.2.0] AndroidManifest.xml:24:22-65
35    <uses-permission android:name="com.google.android.gms.permission.AD_ID" />
35-->[com.google.android.gms:play-services-measurement-api:21.2.0] AndroidManifest.xml:25:5-79
35-->[com.google.android.gms:play-services-measurement-api:21.2.0] AndroidManifest.xml:25:22-76
36    <uses-permission android:name="com.google.android.finsky.permission.BIND_GET_INSTALL_REFERRER_SERVICE" />
36-->[com.google.android.gms:play-services-measurement:21.2.0] AndroidManifest.xml:26:5-110
36-->[com.google.android.gms:play-services-measurement:21.2.0] AndroidManifest.xml:26:22-107
37
38    <permission
38-->[androidx.core:core:1.9.0] AndroidManifest.xml:22:5-24:47
39        android:name="com.safety.woman.DYNAMIC_RECEIVER_NOT_EXPORTED_PERMISSION"
39-->[androidx.core:core:1.9.0] AndroidManifest.xml:23:9-81
40        android:protectionLevel="signature" />
40-->[androidx.core:core:1.9.0] AndroidManifest.xml:24:9-44
41
42    <uses-permission android:name="com.safety.woman.DYNAMIC_RECEIVER_NOT_EXPORTED_PERMISSION" />
42-->[androidx.core:core:1.9.0] AndroidManifest.xml:26:5-97
42-->[androidx.core:core:1.9.0] AndroidManifest.xml:26:22-94
43
44    <application
44-->src\main\AndroidManifest.xml:14:5-48:19
45        android:allowBackup="true"
45-->src\main\AndroidManifest.xml:15:9-35
46        android:appComponentFactory="androidx.core.app.CoreComponentFactory"
46-->[androidx.core:core:1.9.0] AndroidManifest.xml:28:18-86
47        android:debuggable="true"
48        android:extractNativeLibs="false"
49        android:icon="@mipmap/ic_launcher"
49-->src\main\AndroidManifest.xml:16:9-43
50        android:label="@string/app_name"
50-->src\main\AndroidManifest.xml:17:9-41
51        android:roundIcon="@mipmap/ic_launcher_round"
51-->src\main\AndroidManifest.xml:18:9-54
52        android:supportsRtl="true"
52-->src\main\AndroidManifest.xml:19:9-35
53        android:testOnly="true"
54        android:theme="@style/Theme.Wsafety" >
54-->src\main\AndroidManifest.xml:20:9-45
55        <activity
55-->src\main\AndroidManifest.xml:21:9-23:40
56            android:name="com.safety.woman.ContactsActivity"
56-->src\main\AndroidManifest.xml:22:13-45
57            android:exported="false" />
57-->src\main\AndroidManifest.xml:23:13-37
58        <activity
58-->src\main\AndroidManifest.xml:24:9-26:40
59            android:name="com.safety.woman.NearbyPoliceWebActivity"
59-->src\main\AndroidManifest.xml:25:13-52
60            android:exported="false" />
60-->src\main\AndroidManifest.xml:26:13-37
61        <activity
61-->src\main\AndroidManifest.xml:27:9-29:40
62            android:name="com.safety.woman.ProfileActivity"
62-->src\main\AndroidManifest.xml:28:13-44
63            android:exported="false" />
63-->src\main\AndroidManifest.xml:29:13-37
64        <activity android:name="com.safety.woman.RegisterNumberActivity" />
64-->src\main\AndroidManifest.xml:30:9-60
64-->src\main\AndroidManifest.xml:30:19-57
65        <activity android:name="com.safety.woman.RegistrationActivity" />
65-->src\main\AndroidManifest.xml:31:9-58
65-->src\main\AndroidManifest.xml:31:19-55
66        <activity android:name="com.safety.woman.LoginActivity" />
66-->src\main\AndroidManifest.xml:32:9-51
66-->src\main\AndroidManifest.xml:32:19-48
67        <activity
67-->src\main\AndroidManifest.xml:33:9-41:20
68            android:name="com.safety.woman.SplashActivity"
68-->src\main\AndroidManifest.xml:34:13-43
69            android:exported="true" >
69-->src\main\AndroidManifest.xml:35:13-36
70            <intent-filter>
70-->src\main\AndroidManifest.xml:36:13-40:29
71                <action android:name="android.intent.action.MAIN" />
71-->src\main\AndroidManifest.xml:37:17-69
71-->src\main\AndroidManifest.xml:37:25-66
72
73                <category android:name="android.intent.category.LAUNCHER" />
73-->src\main\AndroidManifest.xml:39:17-77
73-->src\main\AndroidManifest.xml:39:27-74
74            </intent-filter>
75        </activity>
76        <activity android:name="com.safety.woman.MainActivity" />
76-->src\main\AndroidManifest.xml:42:9-50
76-->src\main\AndroidManifest.xml:42:19-47
77
78        <service
78-->src\main\AndroidManifest.xml:44:9-47:56
79            android:name="com.safety.woman.ServiceMine"
79-->src\main\AndroidManifest.xml:45:13-40
80            android:enabled="true"
80-->src\main\AndroidManifest.xml:46:13-35
81            android:foregroundServiceType="location" />
81-->src\main\AndroidManifest.xml:47:13-53
82        <!-- Needs to be explicitly declared on P+ -->
83        <uses-library
83-->[com.google.android.gms:play-services-maps:17.0.1] AndroidManifest.xml:39:9-41:40
84            android:name="org.apache.http.legacy"
84-->[com.google.android.gms:play-services-maps:17.0.1] AndroidManifest.xml:40:13-50
85            android:required="false" />
85-->[com.google.android.gms:play-services-maps:17.0.1] AndroidManifest.xml:41:13-37
86
87        <activity
87-->[com.google.firebase:firebase-auth:21.1.0] AndroidManifest.xml:27:9-44:20
88            android:name="com.google.firebase.auth.internal.GenericIdpActivity"
88-->[com.google.firebase:firebase-auth:21.1.0] AndroidManifest.xml:28:13-80
89            android:excludeFromRecents="true"
89-->[com.google.firebase:firebase-auth:21.1.0] AndroidManifest.xml:29:13-46
90            android:exported="true"
90-->[com.google.firebase:firebase-auth:21.1.0] AndroidManifest.xml:30:13-36
91            android:launchMode="singleTask"
91-->[com.google.firebase:firebase-auth:21.1.0] AndroidManifest.xml:31:13-44
92            android:theme="@android:style/Theme.Translucent.NoTitleBar" >
92-->[com.google.firebase:firebase-auth:21.1.0] AndroidManifest.xml:32:13-72
93            <intent-filter>
93-->[com.google.firebase:firebase-auth:21.1.0] AndroidManifest.xml:33:13-43:29
94                <action android:name="android.intent.action.VIEW" />
94-->[com.google.firebase:firebase-auth:21.1.0] AndroidManifest.xml:34:17-69
94-->[com.google.firebase:firebase-auth:21.1.0] AndroidManifest.xml:34:25-66
95
96                <category android:name="android.intent.category.DEFAULT" />
96-->[com.google.firebase:firebase-auth:21.1.0] AndroidManifest.xml:36:17-76
96-->[com.google.firebase:firebase-auth:21.1.0] AndroidManifest.xml:36:27-73
97                <category android:name="android.intent.category.BROWSABLE" />
97-->[com.google.firebase:firebase-auth:21.1.0] AndroidManifest.xml:37:17-78
97-->[com.google.firebase:firebase-auth:21.1.0] AndroidManifest.xml:37:27-75
98
99                <data
99-->[com.google.firebase:firebase-auth:21.1.0] AndroidManifest.xml:39:17-42:51
100                    android:host="firebase.auth"
100-->[com.google.firebase:firebase-auth:21.1.0] AndroidManifest.xml:40:21-49
101                    android:path="/"
101-->[com.google.firebase:firebase-auth:21.1.0] AndroidManifest.xml:41:21-37
102                    android:scheme="genericidp" />
102-->[com.google.firebase:firebase-auth:21.1.0] AndroidManifest.xml:42:21-48
103            </intent-filter>
104        </activity>
105        <activity
105-->[com.google.firebase:firebase-auth:21.1.0] AndroidManifest.xml:45:9-62:20
106            android:name="com.google.firebase.auth.internal.RecaptchaActivity"
106-->[com.google.firebase:firebase-auth:21.1.0] AndroidManifest.xml:46:13-79
107            android:excludeFromRecents="true"
107-->[com.google.firebase:firebase-auth:21.1.0] AndroidManifest.xml:47:13-46
108            android:exported="true"
108-->[com.google.firebase:firebase-auth:21.1.0] AndroidManifest.xml:48:13-36
109            android:launchMode="singleTask"
109-->[com.google.firebase:firebase-auth:21.1.0] AndroidManifest.xml:49:13-44
110            android:theme="@android:style/Theme.Translucent.NoTitleBar" >
110-->[com.google.firebase:firebase-auth:21.1.0] AndroidManifest.xml:50:13-72
111            <intent-filter>
111-->[com.google.firebase:firebase-auth:21.1.0] AndroidManifest.xml:51:13-61:29
112                <action android:name="android.intent.action.VIEW" />
112-->[com.google.firebase:firebase-auth:21.1.0] AndroidManifest.xml:34:17-69
112-->[com.google.firebase:firebase-auth:21.1.0] AndroidManifest.xml:34:25-66
113
114                <category android:name="android.intent.category.DEFAULT" />
114-->[com.google.firebase:firebase-auth:21.1.0] AndroidManifest.xml:36:17-76
114-->[com.google.firebase:firebase-auth:21.1.0] AndroidManifest.xml:36:27-73
115                <category android:name="android.intent.category.BROWSABLE" />
115-->[com.google.firebase:firebase-auth:21.1.0] AndroidManifest.xml:37:17-78
115-->[com.google.firebase:firebase-auth:21.1.0] AndroidManifest.xml:37:27-75
116
117                <data
117-->[com.google.firebase:firebase-auth:21.1.0] AndroidManifest.xml:39:17-42:51
118                    android:host="firebase.auth"
118-->[com.google.firebase:firebase-auth:21.1.0] AndroidManifest.xml:40:21-49
119                    android:path="/"
119-->[com.google.firebase:firebase-auth:21.1.0] AndroidManifest.xml:41:21-37
120                    android:scheme="recaptcha" />
120-->[com.google.firebase:firebase-auth:21.1.0] AndroidManifest.xml:42:21-48
121            </intent-filter>
122        </activity>
123
124        <service
124-->[com.google.firebase:firebase-auth:21.1.0] AndroidManifest.xml:64:9-70:19
125            android:name="com.google.firebase.components.ComponentDiscoveryService"
125-->[com.google.firebase:firebase-auth:21.1.0] AndroidManifest.xml:65:13-84
126            android:directBootAware="true"
126-->[com.google.firebase:firebase-common:20.3.1] AndroidManifest.xml:34:13-43
127            android:exported="false" >
127-->[com.google.firebase:firebase-auth:21.1.0] AndroidManifest.xml:66:13-37
128            <meta-data
128-->[com.google.firebase:firebase-auth:21.1.0] AndroidManifest.xml:67:13-69:85
129                android:name="com.google.firebase.components:com.google.firebase.auth.FirebaseAuthRegistrar"
129-->[com.google.firebase:firebase-auth:21.1.0] AndroidManifest.xml:68:17-109
130                android:value="com.google.firebase.components.ComponentRegistrar" />
130-->[com.google.firebase:firebase-auth:21.1.0] AndroidManifest.xml:69:17-82
131            <meta-data
131-->[com.google.android.gms:play-services-measurement-api:21.2.0] AndroidManifest.xml:31:13-33:85
132                android:name="com.google.firebase.components:com.google.firebase.analytics.connector.internal.AnalyticsConnectorRegistrar"
132-->[com.google.android.gms:play-services-measurement-api:21.2.0] AndroidManifest.xml:32:17-139
133                android:value="com.google.firebase.components.ComponentRegistrar" />
133-->[com.google.android.gms:play-services-measurement-api:21.2.0] AndroidManifest.xml:33:17-82
134            <meta-data
134-->[com.google.firebase:firebase-installations:17.1.3] AndroidManifest.xml:17:13-19:85
135                android:name="com.google.firebase.components:com.google.firebase.installations.FirebaseInstallationsRegistrar"
135-->[com.google.firebase:firebase-installations:17.1.3] AndroidManifest.xml:18:17-127
136                android:value="com.google.firebase.components.ComponentRegistrar" />
136-->[com.google.firebase:firebase-installations:17.1.3] AndroidManifest.xml:19:17-82
137        </service>
138
139        <provider
139-->[com.google.firebase:firebase-common:20.3.1] AndroidManifest.xml:25:9-30:39
140            android:name="com.google.firebase.provider.FirebaseInitProvider"
140-->[com.google.firebase:firebase-common:20.3.1] AndroidManifest.xml:26:13-77
141            android:authorities="com.safety.woman.firebaseinitprovider"
141-->[com.google.firebase:firebase-common:20.3.1] AndroidManifest.xml:27:13-72
142            android:directBootAware="true"
142-->[com.google.firebase:firebase-common:20.3.1] AndroidManifest.xml:28:13-43
143            android:exported="false"
143-->[com.google.firebase:firebase-common:20.3.1] AndroidManifest.xml:29:13-37
144            android:initOrder="100" />
144-->[com.google.firebase:firebase-common:20.3.1] AndroidManifest.xml:30:13-36
145
146        <activity
146-->[com.google.android.gms:play-services-base:17.5.0] AndroidManifest.xml:23:9-26:75
147            android:name="com.google.android.gms.common.api.GoogleApiActivity"
147-->[com.google.android.gms:play-services-base:17.5.0] AndroidManifest.xml:24:13-79
148            android:exported="false"
148-->[com.google.android.gms:play-services-base:17.5.0] AndroidManifest.xml:25:13-37
149            android:theme="@android:style/Theme.Translucent.NoTitleBar" />
149-->[com.google.android.gms:play-services-base:17.5.0] AndroidManifest.xml:26:13-72
150
151        <receiver
151-->[com.google.android.gms:play-services-measurement:21.2.0] AndroidManifest.xml:29:9-33:20
152            android:name="com.google.android.gms.measurement.AppMeasurementReceiver"
152-->[com.google.android.gms:play-services-measurement:21.2.0] AndroidManifest.xml:30:13-85
153            android:enabled="true"
153-->[com.google.android.gms:play-services-measurement:21.2.0] AndroidManifest.xml:31:13-35
154            android:exported="false" >
154-->[com.google.android.gms:play-services-measurement:21.2.0] AndroidManifest.xml:32:13-37
155        </receiver>
156
157        <service
157-->[com.google.android.gms:play-services-measurement:21.2.0] AndroidManifest.xml:35:9-38:40
158            android:name="com.google.android.gms.measurement.AppMeasurementService"
158-->[com.google.android.gms:play-services-measurement:21.2.0] AndroidManifest.xml:36:13-84
159            android:enabled="true"
159-->[com.google.android.gms:play-services-measurement:21.2.0] AndroidManifest.xml:37:13-35
160            android:exported="false" />
160-->[com.google.android.gms:play-services-measurement:21.2.0] AndroidManifest.xml:38:13-37
161        <service
161-->[com.google.android.gms:play-services-measurement:21.2.0] AndroidManifest.xml:39:9-43:72
162            android:name="com.google.android.gms.measurement.AppMeasurementJobService"
162-->[com.google.android.gms:play-services-measurement:21.2.0] AndroidManifest.xml:40:13-87
163            android:enabled="true"
163-->[com.google.android.gms:play-services-measurement:21.2.0] AndroidManifest.xml:41:13-35
164            android:exported="false"
164-->[com.google.android.gms:play-services-measurement:21.2.0] AndroidManifest.xml:42:13-37
165            android:permission="android.permission.BIND_JOB_SERVICE" />
165-->[com.google.android.gms:play-services-measurement:21.2.0] AndroidManifest.xml:43:13-69
166
167        <meta-data
167-->[com.google.android.gms:play-services-basement:18.1.0] AndroidManifest.xml:21:9-23:69
168            android:name="com.google.android.gms.version"
168-->[com.google.android.gms:play-services-basement:18.1.0] AndroidManifest.xml:22:13-58
169            android:value="@integer/google_play_services_version" />
169-->[com.google.android.gms:play-services-basement:18.1.0] AndroidManifest.xml:23:13-66
170
171        <provider
171-->[androidx.emoji2:emoji2:1.2.0] AndroidManifest.xml:24:9-32:20
172            android:name="androidx.startup.InitializationProvider"
172-->[androidx.emoji2:emoji2:1.2.0] AndroidManifest.xml:25:13-67
173            android:authorities="com.safety.woman.androidx-startup"
173-->[androidx.emoji2:emoji2:1.2.0] AndroidManifest.xml:26:13-68
174            android:exported="false" >
174-->[androidx.emoji2:emoji2:1.2.0] AndroidManifest.xml:27:13-37
175            <meta-data
175-->[androidx.emoji2:emoji2:1.2.0] AndroidManifest.xml:29:13-31:52
176                android:name="androidx.emoji2.text.EmojiCompatInitializer"
176-->[androidx.emoji2:emoji2:1.2.0] AndroidManifest.xml:30:17-75
177                android:value="androidx.startup" />
177-->[androidx.emoji2:emoji2:1.2.0] AndroidManifest.xml:31:17-49
178            <meta-data
178-->[androidx.lifecycle:lifecycle-process:2.4.1] AndroidManifest.xml:31:13-33:52
179                android:name="androidx.lifecycle.ProcessLifecycleInitializer"
179-->[androidx.lifecycle:lifecycle-process:2.4.1] AndroidManifest.xml:32:17-78
180                android:value="androidx.startup" />
180-->[androidx.lifecycle:lifecycle-process:2.4.1] AndroidManifest.xml:33:17-49
181        </provider>
182    </application>
183
184</manifest>